=== TEST SUITE STARTED: 2026-06-04 23:35:41.468044 ===

============================================================
TEST: Teacher | Prune + Quant Only (Recovery)
TIME: 2026-06-04 23:35:41.468044
CMD:  C:\Python311\python.exe C:\Users\omarm\Desktop\The-Inference-Compiler-main\The Inference Compiler\main.py --dataset cifar100 --model_type resnet --epochs 5 --model_path C:\Users\omarm\Desktop\The-Inference-Compiler-main\The Inference Compiler\models\wrn_40_2_teacher.h5 --prune --quantize --pruning_mode recovery
============================================================
2026-06-04 23:35:41.606027: I tensorflow/core/util/port.cc:153] oneDNN custom operations are on. You may see slightly different numerical results due to floating-point round-off errors from different computation orders. To turn them off, set the environment variable `TF_ENABLE_ONEDNN_OPTS=0`.
2026-06-04 23:35:42.687806: I tensorflow/core/util/port.cc:153] oneDNN custom operations are on. You may see slightly different numerical results due to floating-point round-off errors from different computation orders. To turn them off, set the environment variable `TF_ENABLE_ONEDNN_OPTS=0`.
--- [Setup] Loading CIFAR-100 Data ---
C:\Python311\Lib\site-packages\keras\src\datasets\cifar.py:18: VisibleDeprecationWarning: dtype(): align should be passed as Python or NumPy boolean but got `align=0`. Did you mean to pass a tuple to create a subarray type? (Deprecated NumPy 2.4)
  d = cPickle.load(f, encoding="bytes")
--- [Setup] Loading Teacher Model from: C:\Users\omarm\Desktop\The-Inference-Compiler-main\The Inference Compiler\models\wrn_40_2_teacher.h5 ---
2026-06-04 23:35:48.311032: I tensorflow/core/platform/cpu_feature_guard.cc:210] This TensorFlow binary is optimized to use available CPU instructions in performance-critical operations.
To enable the following instructions: SSE3 SSE4.1 SSE4.2 AVX AVX2 FMA, in other operations, rebuild TensorFlow with the appropriate compiler flags.
WARNING:absl:No training configuration found in the save file, so the model was *not* compiled. Compile it manually.
  > Model loaded successfully.

>>> Skipping Distillation (Using Teacher as Base)

=== Starting Optimization Pipeline ===
    Pruning Mode : recovery
--- Phase 1: Pruning ---
--- [Pruning Engine] Mode: Sensitivity-Aware Recovery ---
  Initial Accuracy: 0.7296

--- PHASE 1: RANKED GREEDY SWEEP (Rank -> Proxy Scan -> Safe Batch) ---
  > Ranking neurons by Importance (Metric Calculation)...
  > Scanning bottom 454 candidates on Proxy Set...
    > Scanned 0/454...
    > Scanned 50/454...
    > Scanned 100/454...
    > Scanned 150/454...
    > Scanned 200/454...
    > Scanned 250/454...
    > Scanned 300/454...
    > Scanned 350/454...
    > Scanned 400/454...
    > Scanned 450/454...

  > Candidates passed proxy check: 416
  > Attempting Safe Batch Pruning on FULL Dataset...
    > Batch of 416 Failed (Drop 32.34%). Backing off...
    > Batch of 208 Failed (Drop 9.41%). Backing off...
    > Batch of 104 Failed (Drop 4.23%). Backing off...
    > Batch of 52 Failed (Drop 2.37%). Backing off...
    > Success! Pruned 26 neurons. New Acc: 0.7195

--- PHASE 2: DYNAMIC HEURISTIC + SENSITIVITY-AWARE RECOVERY ---
  > Step 1: Fine-tuning (50 batches)...

[1m 1/50[0m [37m====================[0m [1m10:02[0m 12s/step - accuracy: 0.8125 - loss: 0.6008
[1m 2/50[0m [37m====================[0m [1m30s[0m 634ms/step - accuracy: 0.8320 - loss: 0.5508
[1m 3/50[0m [32m=[0m[37m===================[0m [1m28s[0m 612ms/step - accuracy: 0.8446 - loss: 0.5232
[1m 4/50[0m [32m=[0m[37m===================[0m [1m27s[0m 605ms/step - accuracy: 0.8503 - loss: 0.5053
[1m 5/50[0m [32m==[0m[37m==================[0m [1m27s[0m 601ms/step - accuracy: 0.8540 - loss: 0.4909
[1m 6/50[0m [32m==[0m[37m==================[0m [1m26s[0m 596ms/step - accuracy: 0.8557 - loss: 0.4831
[1m 7/50[0m [32m==[0m[37m==================[0m [1m25s[0m 594ms/step - accuracy: 0.8566 - loss: 0.4796
[1m 8/50[0m [32m===[0m[37m=================[0m [1m24s[0m 593ms/step - accuracy: 0.8577 - loss: 0.4773
[1m 9/50[0m [32m===[0m[37m=================[0m [1m24s[0m 593ms/step - accuracy: 0.8584 - loss: 0.4771
[1m10/50[0m [32m====[0m[37m================[0m [1m23s[0m 591ms/step - accuracy: 0.8590 - loss: 0.4763
[1m11/50[0m [32m====[0m[37m================[0m [1m23s[0m 591ms/step - accuracy: 0.8602 - loss: 0.4736
[1m12/50[0m [32m====[0m[37m================[0m [1m22s[0m 590ms/step - accuracy: 0.8612 - loss: 0.4714
[1m13/50[0m [32m=====[0m[37m===============[0m [1m21s[0m 589ms/step - accuracy: 0.8621 - loss: 0.4696
[1m14/50[0m [32m=====[0m[37m===============[0m [1m21s[0m 588ms/step - accuracy: 0.8631 - loss: 0.4675
[1m15/50[0m [32m======[0m[37m==============[0m [1m20s[0m 588ms/step - accuracy: 0.8642 - loss: 0.4649
[1m16/50[0m [32m======[0m[37m==============[0m [1m19s[0m 587ms/step - accuracy: 0.8651 - loss: 0.4624
[1m17/50[0m [32m======[0m[37m==============[0m [1m19s[0m 586ms/step - accuracy: 0.8661 - loss: 0.4599
[1m18/50[0m [32m=======[0m[37m=============[0m [1m18s[0m 585ms/step - accuracy: 0.8671 - loss: 0.4574
[1m19/50[0m [32m=======[0m[37m=============[0m [1m18s[0m 585ms/step - accuracy: 0.8680 - loss: 0.4551
[1m20/50[0m [32m========[0m[37m============[0m [1m17s[0m 585ms/step - accuracy: 0.8689 - loss: 0.4526
[1m21/50[0m [32m========[0m[37m============[0m [1m16s[0m 585ms/step - accuracy: 0.8699 - loss: 0.4501
[1m22/50[0m [32m========[0m[37m============[0m [1m16s[0m 584ms/step - accuracy: 0.8707 - loss: 0.4478
[1m23/50[0m [32m=========[0m[37m===========[0m [1m15s[0m 584ms/step - accuracy: 0.8715 - loss: 0.4457
[1m24/50[0m [32m=========[0m[37m===========[0m [1m15s[0m 584ms/step - accuracy: 0.8721 - loss: 0.4438
[1m25/50[0m [32m==========[0m[37m==========[0m [1m14s[0m 584ms/step - accuracy: 0.8728 - loss: 0.4419
[1m26/50[0m [32m==========[0m[37m==========[0m [1m13s[0m 583ms/step - accuracy: 0.8734 - loss: 0.4400
[1m27/50[0m [32m==========[0m[37m==========[0m [1m13s[0m 583ms/step - accuracy: 0.8741 - loss: 0.4381
[1m28/50[0m [32m===========[0m[37m=========[0m [1m12s[0m 583ms/step - accuracy: 0.8747 - loss: 0.4362
[1m29/50[0m [32m===========[0m[37m=========[0m [1m12s[0m 582ms/step - accuracy: 0.8752 - loss: 0.4348
[1m30/50[0m [32m============[0m[37m========[0m [1m11s[0m 582ms/step - accuracy: 0.8757 - loss: 0.4335
[1m31/50[0m [32m============[0m[37m========[0m [1m11s[0m 582ms/step - accuracy: 0.8761 - loss: 0.4322
[1m32/50[0m [32m============[0m[37m========[0m [1m10s[0m 582ms/step - accuracy: 0.8765 - loss: 0.4311
[1m33/50[0m [32m=============[0m[37m=======[0m [1m9s[0m 581ms/step - accuracy: 0.8769 - loss: 0.4300 
[1m34/50[0m [32m=============[0m[37m=======[0m [1m9s[0m 581ms/step - accuracy: 0.8773 - loss: 0.4289
[1m35/50[0m [32m==============[0m[37m======[0m [1m8s[0m 581ms/step - accuracy: 0.8776 - loss: 0.4279
[1m36/50[0m [32m==============[0m[37m======[0m [1m8s[0m 581ms/step - accuracy: 0.8780 - loss: 0.4268
[1m37/50[0m [32m==============[0m[37m======[0m [1m7s[0m 581ms/step - accuracy: 0.8783 - loss: 0.4257
[1m38/50[0m [32m===============[0m[37m=====[0m [1m6s[0m 581ms/step - accuracy: 0.8787 - loss: 0.4247
[1m39/50[0m [32m===============[0m[37m=====[0m [1m6s[0m 581ms/step - accuracy: 0.8790 - loss: 0.4238
[1m40/50[0m [32m================[0m[37m====[0m [1m5s[0m 580ms/step - accuracy: 0.8794 - loss: 0.4229
[1m41/50[0m [32m================[0m[37m====[0m [1m5s[0m 580ms/step - accuracy: 0.8797 - loss: 0.4220
[1m42/50[0m [32m================[0m[37m====[0m [1m4s[0m 580ms/step - accuracy: 0.8801 - loss: 0.4210
[1m43/50[0m [32m=================[0m[37m===[0m [1m4s[0m 580ms/step - accuracy: 0.8804 - loss: 0.4201
[1m44/50[0m [32m=================[0m[37m===[0m [1m3s[0m 580ms/step - accuracy: 0.8807 - loss: 0.4192
[1m45/50[0m [32m==================[0m[37m==[0m [1m2s[0m 580ms/step - accuracy: 0.8811 - loss: 0.4183
[1m46/50[0m [32m==================[0m[37m==[0m [1m2s[0m 579ms/step - accuracy: 0.8814 - loss: 0.4175
[1m47/50[0m [32m==================[0m[37m==[0m [1m1s[0m 579ms/step - accuracy: 0.8817 - loss: 0.4167
[1m48/50[0m [32m===================[0m[37m=[0m [1m1s[0m 579ms/step - accuracy: 0.8819 - loss: 0.4159
[1m49/50[0m [32m===================[0m[37m=[0m [1m0s[0m 579ms/step - accuracy: 0.8822 - loss: 0.4151
[1m50/50[0m [32m====================[0m[37m[0m [1m0s[0m 579ms/step - accuracy: 0.8825 - loss: 0.4143
[1m50/50[0m [32m====================[0m[37m[0m [1m41s[0m 579ms/step - accuracy: 0.8828 - loss: 0.4135
    > Safety Check Failed. Analyzing victims for guilty neurons...
    > Recovery: Protected 15 new + 15 existing. Pruned 0 innocent.
  > Resistance Detected (Active Prot: 15). Switching to Weights.

--- PHASE 3: WEIGHT PRUNING ---
  > Starting Adaptive Sweep (Factor 2.0 -> 0.3)...
    - Factor 2.0: Too Aggressive (Drop 52.03%). Reverting.
    - Factor 1.8: Too Aggressive (Drop 36.28%). Reverting.
    - Factor 1.6: Too Aggressive (Drop 23.48%). Reverting.
    - Factor 1.4: Too Aggressive (Drop 13.88%). Reverting.
    - Factor 1.2: Too Aggressive (Drop 8.06%). Reverting.
    - Factor 1.0: Too Aggressive (Drop 5.01%). Reverting.
    - Factor 0.8: Too Aggressive (Drop 2.84%). Reverting.
    - Factor 0.6: Success! Applying buffer factor...
    > Applying Safer Factor 0.4...
  > Sweep Complete. Acc: 0.7218 Base: 0.7296 (Sparsity: 28.7%)
  > Starting Iterative Weight Pruning...
  Step 3: Pruned weight batch. Acc: 0.7279  Base: 0.7296  (Sparsity: 31.5%)
  Step 4: Pruned weight batch. Acc: 0.7305  Base: 0.7305  (Sparsity: 34.3%)
  Step 5: Pruned weight batch. Acc: 0.7321  Base: 0.7321  (Sparsity: 36.9%)
  Step 6: Pruned weight batch. Acc: 0.7330  Base: 0.7330  (Sparsity: 39.4%)
  Step 7: Pruned weight batch. Acc: 0.7324  Base: 0.7330  (Sparsity: 41.9%)
  Step 8: Pruned weight batch. Acc: 0.7322  Base: 0.7330  (Sparsity: 44.2%)
  Step 9: Pruned weight batch. Acc: 0.7312  Base: 0.7330  (Sparsity: 46.4%)
  Step 10: Pruned weight batch. Acc: 0.7306  Base: 0.7330  (Sparsity: 48.6%)
  Step 11: Pruned weight batch. Acc: 0.7277  Base: 0.7330  (Sparsity: 50.6%)
  Step 12: Pruned weight batch. Acc: 0.7301  Base: 0.7330  (Sparsity: 52.6%)
  Step 13: Pruned weight batch. Acc: 0.7286  Base: 0.7330  (Sparsity: 54.5%)
  Step 14: Pruned weight batch. Acc: 0.7288  Base: 0.7330  (Sparsity: 56.3%)
  Step 15: Pruned weight batch. Acc: 0.7262  Base: 0.7330  (Sparsity: 58.1%)
  Step 16: Pruned weight batch. Acc: 0.7260  Base: 0.7330  (Sparsity: 59.7%)
  Step 17: Pruned weight batch. Acc: 0.7238  Base: 0.7330  (Sparsity: 61.3%)
  Step 18: Pruned weight batch. Acc: 0.7213  Base: 0.7330  (Sparsity: 62.9%)
  Step 19: Pruned weight batch. Acc: 0.7193  Base: 0.7330  (Sparsity: 64.4%)
  Step 20: Pruned weight batch. Acc: 0.7177  Base: 0.7330  (Sparsity: 65.8%)
  Step 21: Pruned weight batch. Acc: 0.7165  Base: 0.7330  (Sparsity: 67.2%)
  Step 22: Pruned weight batch. Acc: 0.7148  Base: 0.7330  (Sparsity: 68.5%)
  Step 23: Pruned weight batch. Acc: 0.7138  Base: 0.7330  (Sparsity: 69.7%)
  !!! Limit Hit: Total Drift 2.35% > 2.0%. Reverting last step and stopping.
  > Reverted. Final Acc: 0.7101  Base: 0.7330  (Sparsity: 69.7%)
--- Phase 2: Quantization ---

[Quantization] Running Layer-Wise Sensitivity Check (Proxy Mode)...
  Proxy Baseline Acc: 0.7210

[Quantization] Applying Conditional Quantization...
  > Result: Quantized 41 layers. Skipped 0 sensitive layers.
--- Phase 3: Intermediate Representation (IR) ---
--- [IR] Exploding Model into Atomic Operations ---
--- [IR] Explosion Complete. Total Nodes: 136 ---
--- Phase 4: Graph Optimization ---
--- [Optimizer] Running Graph Passes ---
  > [DCE] Removed 0 dead nodes.
  > [CSE] Merged 0 redundant operations.
  [Debug: Linear Collapse] Scanning 136 nodes...
    - fc: Skip collapse. Outputs count is 0 (expected 1).
  > [Linear Collapse] Merged 0 linear chains.
  > [Algebraic Simplification] Scanned for identity ops.
  [Debug: Fusion] Starting pass. OpTypes detected: {'Add', 'Conv2D', 'GlobalAveragePooling2D', 'BatchNormalization', 'Input', 'Activation', 'InputLayer', 'Dense'}
  > [Operator Fusion] Fused 38 operations.
  > [DCE] Removed 0 dead nodes.
--- Phase 5: Code Generation (C:\Users\omarm\Desktop\The-Inference-Compiler-main\The Inference Compiler\outputs\model_cifar100_none_recovery.cpp) ---
--- [Compiler] Generating C++ Code to C:\Users\omarm\Desktop\The-Inference-Compiler-main\The Inference Compiler\outputs\model_cifar100_none_recovery.cpp ---
  [Compiler Warning] Unknown Op: BatchNormalization -> Treated as Identity
  [Compiler Warning] Unknown Op: Activation -> Treated as Identity
  [Compiler Warning] Unknown Op: BatchNormalization -> Treated as Identity
  [Compiler Warning] Unknown Op: Activation -> Treated as Identity
  [Compiler Warning] Unknown Op: BatchNormalization -> Treated as Identity
  [Compiler Warning] Unknown Op: Activation -> Treated as Identity
  [Compiler Warning] Unknown Op: BatchNormalization -> Treated as Identity
  [Compiler Warning] Unknown Op: Activation -> Treated as Identity
  [Compiler Warning] Unknown Op: BatchNormalization -> Treated as Identity
  [Compiler Warning] Unknown Op: Activation -> Treated as Identity
  [Compiler Warning] Unknown Op: BatchNormalization -> Treated as Identity
  [Compiler Warning] Unknown Op: Activation -> Treated as Identity
  [Compiler Warning] Unknown Op: BatchNormalization -> Treated as Identity
  [Compiler Warning] Unknown Op: Activation -> Treated as Identity
  [Compiler Warning] Unknown Op: BatchNormalization -> Treated as Identity
  [Compiler Warning] Unknown Op: Activation -> Treated as Identity
  [Compiler Warning] Unknown Op: BatchNormalization -> Treated as Identity
  [Compiler Warning] Unknown Op: Activation -> Treated as Identity
  [Compiler Warning] Unknown Op: BatchNormalization -> Treated as Identity
  [Compiler Warning] Unknown Op: Activation -> Treated as Identity
  [Compiler Warning] Unknown Op: BatchNormalization -> Treated as Identity
  [Compiler Warning] Unknown Op: Activation -> Treated as Identity
  [Compiler Warning] Unknown Op: BatchNormalization -> Treated as Identity
  [Compiler Warning] Unknown Op: Activation -> Treated as Identity
  [Compiler Warning] Unknown Op: BatchNormalization -> Treated as Identity
  [Compiler Warning] Unknown Op: Activation -> Treated as Identity
  [Compiler Warning] Unknown Op: BatchNormalization -> Treated as Identity
  [Compiler Warning] Unknown Op: Activation -> Treated as Identity
  [Compiler Warning] Unknown Op: BatchNormalization -> Treated as Identity
  [Compiler Warning] Unknown Op: Activation -> Treated as Identity
  [Compiler Warning] Unknown Op: BatchNormalization -> Treated as Identity
  [Compiler Warning] Unknown Op: Activation -> Treated as Identity
  [Compiler Warning] Unknown Op: BatchNormalization -> Treated as Identity
  [Compiler Warning] Unknown Op: Activation -> Treated as Identity
  [Compiler Warning] Unknown Op: BatchNormalization -> Treated as Identity
  [Compiler Warning] Unknown Op: Activation -> Treated as Identity
  > Code Generation Complete. (9359 lines)

>>> Final Evaluation

==================================================
    FINAL PERFORMANCE EVALUATION REPORT
==================================================

[1] ACCURACY METRICS
  Original Model:   72.96%
  Optimized Model:  70.77%
  Accuracy Drop:    2.19%  [WARNING]

[2] SPARSITY METRICS
  Total Params:      2,260,580
  Active Params:     691,607
  Global Sparsity:  69.41%

[3] COMPUTATIONAL COST (Approx. FLOPs)
  Dense FLOPs:       655,221,760
  Sparse FLOPs:      194,020,306
  Theoretical Speedup: 3.38x

[4] PYTHON INFERENCE LATENCY (Batch 32)
  Original:          201.78 ms
  Optimized:         203.34 ms
  (Note: Real speedup will be higher in generated C++)

[5] LAYER-WISE BREAKDOWN
  Layer Name           | Shape           | Sparsity   | Unique Vals
-----------------------------------------------------------------
  conv1                | (3, 3, 3, 16)   | 19.0%      | 112
  layer1.0.conv1       | (3, 3, 16, 32)  | 56.6%      | 173
  layer1.0.conv2       | (3, 3, 32, 32)  | 65.8%      | 167
  layer1.0.downsample.0 | (1, 1, 16, 32)  | 23.8%      | 119
  layer1.1.conv1       | (3, 3, 32, 32)  | 78.2%      | 109
  layer1.1.conv2       | (3, 3, 32, 32)  | 67.4%      | 147
  layer1.2.conv1       | (3, 3, 32, 32)  | 79.2%      | 140
  layer1.2.conv2       | (3, 3, 32, 32)  | 68.4%      | 145
  layer1.3.conv1       | (3, 3, 32, 32)  | 77.6%      | 136
  layer1.3.conv2       | (3, 3, 32, 32)  | 67.8%      | 150
  layer1.4.conv1       | (3, 3, 32, 32)  | 72.6%      | 152
  layer1.4.conv2       | (3, 3, 32, 32)  | 67.2%      | 109
  layer1.5.conv1       | (3, 3, 32, 32)  | 75.8%      | 160
  layer1.5.conv2       | (3, 3, 32, 32)  | 61.0%      | 152
  layer2.0.conv1       | (3, 3, 32, 64)  | 43.9%      | 178
  layer2.0.conv2       | (3, 3, 64, 64)  | 52.0%      | 109
  layer2.0.downsample.0 | (1, 1, 32, 64)  | 30.5%      | 139
  layer2.1.conv1       | (3, 3, 64, 64)  | 86.9%      | 151
  layer2.1.conv2       | (3, 3, 64, 64)  | 71.8%      | 136
  layer2.2.conv1       | (3, 3, 64, 64)  | 77.1%      | 123
  layer2.2.conv2       | (3, 3, 64, 64)  | 69.4%      | 141
  layer2.3.conv1       | (3, 3, 64, 64)  | 77.9%      | 141
  layer2.3.conv2       | (3, 3, 64, 64)  | 70.9%      | 129
  layer2.4.conv1       | (3, 3, 64, 64)  | 82.3%      | 160
  layer2.4.conv2       | (3, 3, 64, 64)  | 72.9%      | 155
  layer2.5.conv1       | (3, 3, 64, 64)  | 75.0%      | 155
  layer2.5.conv2       | (3, 3, 64, 64)  | 69.5%      | 175
  layer3.0.conv1       | (3, 3, 64, 128) | 49.3%      | 122
  layer3.0.conv2       | (3, 3, 128, 128) | 59.1%      | 155
  layer3.0.downsample.0 | (1, 1, 64, 128) | 39.7%      | 127
  layer3.1.conv1       | (3, 3, 128, 128) | 72.2%      | 169
  layer3.1.conv2       | (3, 3, 128, 128) | 72.0%      | 138
  layer3.2.conv1       | (3, 3, 128, 128) | 67.3%      | 145
  layer3.2.conv2       | (3, 3, 128, 128) | 74.4%      | 161
  layer3.3.conv1       | (3, 3, 128, 128) | 68.3%      | 152
  layer3.3.conv2       | (3, 3, 128, 128) | 75.1%      | 143
  layer3.4.conv1       | (3, 3, 128, 128) | 66.4%      | 165
  layer3.4.conv2       | (3, 3, 128, 128) | 72.8%      | 160
  layer3.5.conv1       | (3, 3, 128, 128) | 73.4%      | 146
  layer3.5.conv2       | (3, 3, 128, 128) | 75.0%      | 163
  fc                   | (128, 100)      | 36.6%      | 150

==================================================
OVERALL VERDICT: NEEDS TUNING [WARNING]
==================================================


[STATUS] PASS

============================================================
TEST: ResNet Student | No Distill + Prune + Quant (Recovery)
TIME: 2026-06-05 00:32:04.332717
CMD:  C:\Python311\python.exe C:\Users\omarm\Desktop\The-Inference-Compiler-main\The Inference Compiler\main.py --dataset cifar100 --model_type resnet --epochs 5 --model_path C:\Users\omarm\Desktop\The-Inference-Compiler-main\The Inference Compiler\models\resnet110_optimized.h5 --prune --quantize --pruning_mode recovery
============================================================
2026-06-05 00:32:04.684135: I tensorflow/core/util/port.cc:153] oneDNN custom operations are on. You may see slightly different numerical results due to floating-point round-off errors from different computation orders. To turn them off, set the environment variable `TF_ENABLE_ONEDNN_OPTS=0`.
2026-06-05 00:32:07.458097: I tensorflow/core/util/port.cc:153] oneDNN custom operations are on. You may see slightly different numerical results due to floating-point round-off errors from different computation orders. To turn them off, set the environment variable `TF_ENABLE_ONEDNN_OPTS=0`.
--- [Setup] Loading CIFAR-100 Data ---
C:\Python311\Lib\site-packages\keras\src\datasets\cifar.py:18: VisibleDeprecationWarning: dtype(): align should be passed as Python or NumPy boolean but got `align=0`. Did you mean to pass a tuple to create a subarray type? (Deprecated NumPy 2.4)
  d = cPickle.load(f, encoding="bytes")
--- [Setup] Loading Teacher Model from: C:\Users\omarm\Desktop\The-Inference-Compiler-main\The Inference Compiler\models\resnet110_optimized.h5 ---
2026-06-05 00:32:20.062366: I tensorflow/core/platform/cpu_feature_guard.cc:210] This TensorFlow binary is optimized to use available CPU instructions in performance-critical operations.
To enable the following instructions: SSE3 SSE4.1 SSE4.2 AVX AVX2 FMA, in other operations, rebuild TensorFlow with the appropriate compiler flags.
WARNING:absl:No training configuration found in the save file, so the model was *not* compiled. Compile it manually.
  > Model loaded successfully.

>>> Skipping Distillation (Using Teacher as Base)

=== Starting Optimization Pipeline ===
    Pruning Mode : recovery
--- Phase 1: Pruning ---
--- [Pruning Engine] Mode: Sensitivity-Aware Recovery ---
  Initial Accuracy: 0.6967

--- PHASE 1: RANKED GREEDY SWEEP (Rank -> Proxy Scan -> Safe Batch) ---
  > Ranking neurons by Importance (Metric Calculation)...
  > Scanning bottom 636 candidates on Proxy Set...
    > Scanned 0/636...
    > Scanned 50/636...
    > Scanned 100/636...
    > Scanned 150/636...
    > Scanned 200/636...
    > Scanned 250/636...
    > Scanned 300/636...
    > Scanned 350/636...
    > Scanned 400/636...
    > Scanned 450/636...
    > Scanned 500/636...
    > Scanned 550/636...
    > Scanned 600/636...

  > Candidates passed proxy check: 0

--- PHASE 2: DYNAMIC HEURISTIC + SENSITIVITY-AWARE RECOVERY ---
  > Step 1: Fine-tuning (50 batches)...

[1m 1/50[0m [37m====================[0m [1m29:27[0m 36s/step - accuracy: 0.8281 - loss: 0.6445
[1m 2/50[0m [37m====================[0m [1m30s[0m 632ms/step - accuracy: 0.8320 - loss: 0.6338
[1m 3/50[0m [32m=[0m[37m===================[0m [1m29s[0m 637ms/step - accuracy: 0.8342 - loss: 0.6247
[1m 4/50[0m [32m=[0m[37m===================[0m [1m29s[0m 645ms/step - accuracy: 0.8376 - loss: 0.6125
[1m 5/50[0m [32m==[0m[37m==================[0m [1m29s[0m 652ms/step - accuracy: 0.8401 - loss: 0.6012
[1m 6/50[0m [32m==[0m[37m==================[0m [1m28s[0m 657ms/step - accuracy: 0.8420 - loss: 0.5939
[1m 7/50[0m [32m==[0m[37m==================[0m [1m28s[0m 659ms/step - accuracy: 0.8438 - loss: 0.5891
[1m 8/50[0m [32m===[0m[37m=================[0m [1m27s[0m 660ms/step - accuracy: 0.8453 - loss: 0.5865
[1m 9/50[0m [32m===[0m[37m=================[0m [1m27s[0m 662ms/step - accuracy: 0.8463 - loss: 0.5870
[1m10/50[0m [32m====[0m[37m================[0m [1m26s[0m 662ms/step - accuracy: 0.8471 - loss: 0.5856
[1m11/50[0m [32m====[0m[37m================[0m [1m25s[0m 663ms/step - accuracy: 0.8478 - loss: 0.5833
[1m12/50[0m [32m====[0m[37m================[0m [1m25s[0m 663ms/step - accuracy: 0.8485 - loss: 0.5801
[1m13/50[0m [32m=====[0m[37m===============[0m [1m24s[0m 663ms/step - accuracy: 0.8490 - loss: 0.5769
[1m14/50[0m [32m=====[0m[37m===============[0m [1m23s[0m 663ms/step - accuracy: 0.8498 - loss: 0.5734
[1m15/50[0m [32m======[0m[37m==============[0m [1m23s[0m 663ms/step - accuracy: 0.8508 - loss: 0.5692
[1m16/50[0m [32m======[0m[37m==============[0m [1m22s[0m 663ms/step - accuracy: 0.8517 - loss: 0.5648
[1m17/50[0m [32m======[0m[37m==============[0m [1m21s[0m 664ms/step - accuracy: 0.8526 - loss: 0.5605
[1m18/50[0m [32m=======[0m[37m=============[0m [1m21s[0m 663ms/step - accuracy: 0.8532 - loss: 0.5568
[1m19/50[0m [32m=======[0m[37m=============[0m [1m20s[0m 664ms/step - accuracy: 0.8537 - loss: 0.5534
[1m20/50[0m [32m========[0m[37m============[0m [1m19s[0m 663ms/step - accuracy: 0.8544 - loss: 0.5494
[1m21/50[0m [32m========[0m[37m============[0m [1m19s[0m 663ms/step - accuracy: 0.8550 - loss: 0.5459
[1m22/50[0m [32m========[0m[37m============[0m [1m18s[0m 663ms/step - accuracy: 0.8554 - loss: 0.5430
[1m23/50[0m [32m=========[0m[37m===========[0m [1m17s[0m 663ms/step - accuracy: 0.8559 - loss: 0.5402
[1m24/50[0m [32m=========[0m[37m===========[0m [1m17s[0m 663ms/step - accuracy: 0.8563 - loss: 0.5376
[1m25/50[0m [32m==========[0m[37m==========[0m [1m16s[0m 663ms/step - accuracy: 0.8568 - loss: 0.5352
[1m26/50[0m [32m==========[0m[37m==========[0m [1m15s[0m 663ms/step - accuracy: 0.8571 - loss: 0.5328
[1m27/50[0m [32m==========[0m[37m==========[0m [1m15s[0m 663ms/step - accuracy: 0.8574 - loss: 0.5306
[1m28/50[0m [32m===========[0m[37m=========[0m [1m14s[0m 662ms/step - accuracy: 0.8578 - loss: 0.5284
[1m29/50[0m [32m===========[0m[37m=========[0m [1m13s[0m 662ms/step - accuracy: 0.8580 - loss: 0.5263
[1m30/50[0m [32m============[0m[37m========[0m [1m13s[0m 662ms/step - accuracy: 0.8582 - loss: 0.5244
[1m31/50[0m [32m============[0m[37m========[0m [1m12s[0m 662ms/step - accuracy: 0.8584 - loss: 0.5224
[1m32/50[0m [32m============[0m[37m========[0m [1m11s[0m 662ms/step - accuracy: 0.8587 - loss: 0.5205
[1m33/50[0m [32m=============[0m[37m=======[0m [1m11s[0m 662ms/step - accuracy: 0.8589 - loss: 0.5186
[1m34/50[0m [32m=============[0m[37m=======[0m [1m10s[0m 661ms/step - accuracy: 0.8591 - loss: 0.5169
[1m35/50[0m [32m==============[0m[37m======[0m [1m9s[0m 661ms/step - accuracy: 0.8593 - loss: 0.5153 
[1m36/50[0m [32m==============[0m[37m======[0m [1m9s[0m 661ms/step - accuracy: 0.8595 - loss: 0.5138
[1m37/50[0m [32m==============[0m[37m======[0m [1m8s[0m 661ms/step - accuracy: 0.8597 - loss: 0.5123
[1m38/50[0m [32m===============[0m[37m=====[0m [1m7s[0m 661ms/step - accuracy: 0.8599 - loss: 0.5108
[1m39/50[0m [32m===============[0m[37m=====[0m [1m7s[0m 660ms/step - accuracy: 0.8601 - loss: 0.5094
[1m40/50[0m [32m================[0m[37m====[0m [1m6s[0m 660ms/step - accuracy: 0.8604 - loss: 0.5080
[1m41/50[0m [32m================[0m[37m====[0m [1m5s[0m 660ms/step - accuracy: 0.8606 - loss: 0.5065
[1m42/50[0m [32m================[0m[37m====[0m [1m5s[0m 660ms/step - accuracy: 0.8609 - loss: 0.5049
[1m43/50[0m [32m=================[0m[37m===[0m [1m4s[0m 660ms/step - accuracy: 0.8612 - loss: 0.5034
[1m44/50[0m [32m=================[0m[37m===[0m [1m3s[0m 659ms/step - accuracy: 0.8614 - loss: 0.5020
[1m45/50[0m [32m==================[0m[37m==[0m [1m3s[0m 659ms/step - accuracy: 0.8617 - loss: 0.5006
[1m46/50[0m [32m==================[0m[37m==[0m [1m2s[0m 659ms/step - accuracy: 0.8619 - loss: 0.4992
[1m47/50[0m [32m==================[0m[37m==[0m [1m1s[0m 659ms/step - accuracy: 0.8622 - loss: 0.4978
[1m48/50[0m [32m===================[0m[37m=[0m [1m1s[0m 659ms/step - accuracy: 0.8625 - loss: 0.4963
[1m49/50[0m [32m===================[0m[37m=[0m [1m0s[0m 659ms/step - accuracy: 0.8627 - loss: 0.4948
[1m50/50[0m [32m====================[0m[37m[0m [1m0s[0m 659ms/step - accuracy: 0.8630 - loss: 0.4933
[1m50/50[0m [32m====================[0m[37m[0m [1m68s[0m 659ms/step - accuracy: 0.8633 - loss: 0.4918
    > Safety Check Failed. Analyzing victims for guilty neurons...
    > Recovery: Protected 21 new + 21 existing. Pruned 0 innocent.
  > Resistance Detected (Active Prot: 21). Switching to Weights.

--- PHASE 3: WEIGHT PRUNING ---
  > Starting Adaptive Sweep (Factor 2.0 -> 0.3)...
    - Factor 2.0: Too Aggressive (Drop 61.99%). Reverting.
    - Factor 1.8: Too Aggressive (Drop 48.38%). Reverting.
    - Factor 1.6: Too Aggressive (Drop 30.97%). Reverting.
    - Factor 1.4: Too Aggressive (Drop 18.73%). Reverting.
    - Factor 1.2: Too Aggressive (Drop 10.47%). Reverting.
    - Factor 1.0: Too Aggressive (Drop 5.39%). Reverting.
    - Factor 0.8: Too Aggressive (Drop 3.08%). Reverting.
    - Factor 0.6: Success! Applying buffer factor...
    > Applying Safer Factor 0.4...
  > Sweep Complete. Acc: 0.6971 Base: 0.6971 (Sparsity: 27.1%)
  > Starting Iterative Weight Pruning...
  Step 3: Pruned weight batch. Acc: 0.7004  Base: 0.7004  (Sparsity: 30.0%)
  Step 4: Pruned weight batch. Acc: 0.7024  Base: 0.7024  (Sparsity: 32.8%)
  Step 5: Pruned weight batch. Acc: 0.7049  Base: 0.7049  (Sparsity: 35.5%)
  Step 6: Pruned weight batch. Acc: 0.7057  Base: 0.7057  (Sparsity: 38.1%)
  Step 7: Pruned weight batch. Acc: 0.7049  Base: 0.7057  (Sparsity: 40.6%)
  Step 8: Pruned weight batch. Acc: 0.7045  Base: 0.7057  (Sparsity: 42.9%)
  Step 9: Pruned weight batch. Acc: 0.7065  Base: 0.7065  (Sparsity: 45.2%)
  Step 10: Pruned weight batch. Acc: 0.7080  Base: 0.7080  (Sparsity: 47.4%)
  Step 11: Pruned weight batch. Acc: 0.7056  Base: 0.7080  (Sparsity: 49.5%)
  Step 12: Pruned weight batch. Acc: 0.7055  Base: 0.7080  (Sparsity: 51.5%)
  Step 13: Pruned weight batch. Acc: 0.7039  Base: 0.7080  (Sparsity: 53.5%)
  Step 14: Pruned weight batch. Acc: 0.7013  Base: 0.7080  (Sparsity: 55.3%)
  Step 15: Pruned weight batch. Acc: 0.6967  Base: 0.7080  (Sparsity: 57.1%)
  Step 16: Pruned weight batch. Acc: 0.6982  Base: 0.7080  (Sparsity: 58.8%)
  Step 17: Pruned weight batch. Acc: 0.6978  Base: 0.7080  (Sparsity: 60.5%)
  Step 18: Pruned weight batch. Acc: 0.6956  Base: 0.7080  (Sparsity: 62.1%)
  Step 19: Pruned weight batch. Acc: 0.6931  Base: 0.7080  (Sparsity: 63.6%)
  Step 20: Pruned weight batch. Acc: 0.6897  Base: 0.7080  (Sparsity: 65.0%)
  Step 21: Pruned weight batch. Acc: 0.6880  Base: 0.7080  (Sparsity: 66.4%)
  !!! Limit Hit: Total Drift 2.26% > 2.0%. Reverting last step and stopping.
  > Reverted. Final Acc: 0.6836  Base: 0.7080  (Sparsity: 66.4%)
--- Phase 2: Quantization ---

[Quantization] Running Layer-Wise Sensitivity Check (Proxy Mode)...
  Proxy Baseline Acc: 0.6840

[Quantization] Applying Conditional Quantization...
  > Result: Quantized 112 layers. Skipped 0 sensitive layers.
--- Phase 3: Intermediate Representation (IR) ---
--- [IR] Exploding Model into Atomic Operations ---
--- [IR] Explosion Complete. Total Nodes: 389 ---
--- Phase 4: Graph Optimization ---
--- [Optimizer] Running Graph Passes ---
  > [DCE] Removed 0 dead nodes.
  > [CSE] Merged 0 redundant operations.
  [Debug: Linear Collapse] Scanning 389 nodes...
    - fc: Skip collapse. Outputs count is 0 (expected 1).
  > [Linear Collapse] Merged 0 linear chains.
  > [Algebraic Simplification] Scanned for identity ops.
  [Debug: Fusion] Starting pass. OpTypes detected: {'BatchNormalization', 'GlobalAveragePooling2D', 'InputLayer', 'Add', 'Activation', 'Input', 'Dense', 'Conv2D'}
  > [Operator Fusion] Fused 218 operations.
  > [DCE] Removed 0 dead nodes.
--- Phase 5: Code Generation (C:\Users\omarm\Desktop\The-Inference-Compiler-main\The Inference Compiler\outputs\model_cifar100_none_recovery.cpp) ---
--- [Compiler] Generating C++ Code to C:\Users\omarm\Desktop\The-Inference-Compiler-main\The Inference Compiler\outputs\model_cifar100_none_recovery.cpp ---
  [Compiler Warning] Unknown Op: BatchNormalization -> Treated as Identity
  [Compiler Warning] Unknown Op: BatchNormalization -> Treated as Identity
  > Code Generation Complete. (7927 lines)

>>> Final Evaluation

==================================================
    FINAL PERFORMANCE EVALUATION REPORT
==================================================

[1] ACCURACY METRICS
  Original Model:   69.67%
  Optimized Model:  68.17%
  Accuracy Drop:    1.50%  [PASS]

[2] SPARSITY METRICS
  Total Params:      1,744,868
  Active Params:     596,232
  Global Sparsity:  65.83%

[3] COMPUTATIONAL COST (Approx. FLOPs)
  Dense FLOPs:       506,311,168
  Sparse FLOPs:      139,679,054
  Theoretical Speedup: 3.62x

[4] PYTHON INFERENCE LATENCY (Batch 32)
  Original:          384.44 ms
  Optimized:         394.71 ms
  (Note: Real speedup will be higher in generated C++)

[5] LAYER-WISE BREAKDOWN
  Layer Name           | Shape           | Sparsity   | Unique Vals
-----------------------------------------------------------------
  conv1                | (3, 3, 3, 16)   | 38.2%      | 101
  layer1.0.conv1       | (3, 3, 16, 16)  | 96.9%      | 51
  layer1.0.conv2       | (3, 3, 16, 16)  | 96.7%      | 49
  layer1.1.conv1       | (3, 3, 16, 16)  | 86.2%      | 82
  layer1.1.conv2       | (3, 3, 16, 16)  | 89.1%      | 92
  layer1.2.conv1       | (3, 3, 16, 16)  | 62.2%      | 92
  layer1.2.conv2       | (3, 3, 16, 16)  | 73.9%      | 92
  layer1.3.conv1       | (3, 3, 16, 16)  | 100.0%      | 1
  layer1.3.conv2       | (3, 3, 16, 16)  | 100.0%      | 1
  layer1.4.conv1       | (3, 3, 16, 16)  | 81.7%      | 71
  layer1.4.conv2       | (3, 3, 16, 16)  | 85.2%      | 68
  layer1.5.conv1       | (3, 3, 16, 16)  | 96.3%      | 68
  layer1.5.conv2       | (3, 3, 16, 16)  | 96.4%      | 61
  layer1.6.conv1       | (3, 3, 16, 16)  | 100.0%      | 1
  layer1.6.conv2       | (3, 3, 16, 16)  | 100.0%      | 1
  layer1.7.conv1       | (3, 3, 16, 16)  | 79.6%      | 105
  layer1.7.conv2       | (3, 3, 16, 16)  | 90.6%      | 96
  layer1.8.conv1       | (3, 3, 16, 16)  | 87.2%      | 57
  layer1.8.conv2       | (3, 3, 16, 16)  | 90.7%      | 70
  layer1.9.conv1       | (3, 3, 16, 16)  | 63.8%      | 106
  layer1.9.conv2       | (3, 3, 16, 16)  | 78.8%      | 108
  layer1.10.conv1      | (3, 3, 16, 16)  | 57.7%      | 102
  layer1.10.conv2      | (3, 3, 16, 16)  | 71.9%      | 115
  layer1.11.conv1      | (3, 3, 16, 16)  | 69.5%      | 127
  layer1.11.conv2      | (3, 3, 16, 16)  | 77.0%      | 95
  layer1.12.conv1      | (3, 3, 16, 16)  | 62.6%      | 135
  layer1.12.conv2      | (3, 3, 16, 16)  | 78.3%      | 118
  layer1.13.conv1      | (3, 3, 16, 16)  | 48.7%      | 133
  layer1.13.conv2      | (3, 3, 16, 16)  | 73.2%      | 119
  layer1.14.conv1      | (3, 3, 16, 16)  | 57.4%      | 127
  layer1.14.conv2      | (3, 3, 16, 16)  | 74.7%      | 115
  layer1.15.conv1      | (3, 3, 16, 16)  | 69.4%      | 90
  layer1.15.conv2      | (3, 3, 16, 16)  | 81.1%      | 113
  layer1.16.conv1      | (3, 3, 16, 16)  | 48.1%      | 137
  layer1.16.conv2      | (3, 3, 16, 16)  | 81.6%      | 123
  layer1.17.conv1      | (3, 3, 16, 16)  | 54.3%      | 132
  layer1.17.conv2      | (3, 3, 16, 16)  | 67.4%      | 124
  layer2.0.conv1       | (3, 3, 16, 32)  | 45.9%      | 185
  layer2.0.conv2       | (3, 3, 32, 32)  | 51.9%      | 119
  layer2.0.downsample.0 | (1, 1, 16, 32)  | 38.9%      | 75
  layer2.1.conv1       | (3, 3, 32, 32)  | 66.7%      | 152
  layer2.1.conv2       | (3, 3, 32, 32)  | 67.1%      | 146
  layer2.2.conv1       | (3, 3, 32, 32)  | 66.5%      | 140
  layer2.2.conv2       | (3, 3, 32, 32)  | 74.1%      | 118
  layer2.3.conv1       | (3, 3, 32, 32)  | 74.0%      | 129
  layer2.3.conv2       | (3, 3, 32, 32)  | 80.8%      | 115
  layer2.4.conv1       | (3, 3, 32, 32)  | 64.2%      | 152
  layer2.4.conv2       | (3, 3, 32, 32)  | 70.9%      | 112
  layer2.5.conv1       | (3, 3, 32, 32)  | 70.7%      | 106
  layer2.5.conv2       | (3, 3, 32, 32)  | 80.2%      | 98
  layer2.6.conv1       | (3, 3, 32, 32)  | 75.1%      | 119
  layer2.6.conv2       | (3, 3, 32, 32)  | 82.6%      | 131
  layer2.7.conv1       | (3, 3, 32, 32)  | 72.4%      | 139
  layer2.7.conv2       | (3, 3, 32, 32)  | 84.3%      | 130
  layer2.8.conv1       | (3, 3, 32, 32)  | 75.5%      | 76
  layer2.8.conv2       | (3, 3, 32, 32)  | 86.5%      | 99
  layer2.9.conv1       | (3, 3, 32, 32)  | 62.2%      | 137
  layer2.9.conv2       | (3, 3, 32, 32)  | 75.3%      | 134
  layer2.10.conv1      | (3, 3, 32, 32)  | 61.2%      | 147
  layer2.10.conv2      | (3, 3, 32, 32)  | 77.2%      | 130
  layer2.11.conv1      | (3, 3, 32, 32)  | 72.5%      | 127
  layer2.11.conv2      | (3, 3, 32, 32)  | 83.7%      | 118
  layer2.12.conv1      | (3, 3, 32, 32)  | 83.0%      | 88
  layer2.12.conv2      | (3, 3, 32, 32)  | 91.7%      | 78
  layer2.13.conv1      | (3, 3, 32, 32)  | 69.6%      | 84
  layer2.13.conv2      | (3, 3, 32, 32)  | 83.2%      | 100
  layer2.14.conv1      | (3, 3, 32, 32)  | 89.7%      | 113
  layer2.14.conv2      | (3, 3, 32, 32)  | 95.2%      | 83
  layer2.15.conv1      | (3, 3, 32, 32)  | 69.6%      | 135
  layer2.15.conv2      | (3, 3, 32, 32)  | 83.1%      | 91
  layer2.16.conv1      | (3, 3, 32, 32)  | 66.2%      | 79
  layer2.16.conv2      | (3, 3, 32, 32)  | 78.7%      | 117
  layer2.17.conv1      | (3, 3, 32, 32)  | 72.3%      | 126
  layer2.17.conv2      | (3, 3, 32, 32)  | 85.1%      | 97
  layer3.0.conv1       | (3, 3, 32, 64)  | 35.8%      | 149
  layer3.0.conv2       | (3, 3, 64, 64)  | 47.0%      | 123
  layer3.0.downsample.0 | (1, 1, 32, 64)  | 25.8%      | 109
  layer3.1.conv1       | (3, 3, 64, 64)  | 59.3%      | 160
  layer3.1.conv2       | (3, 3, 64, 64)  | 68.2%      | 154
  layer3.2.conv1       | (3, 3, 64, 64)  | 62.3%      | 149
  layer3.2.conv2       | (3, 3, 64, 64)  | 72.0%      | 126
  layer3.3.conv1       | (3, 3, 64, 64)  | 59.1%      | 148
  layer3.3.conv2       | (3, 3, 64, 64)  | 70.6%      | 139
  layer3.4.conv1       | (3, 3, 64, 64)  | 57.7%      | 121
  layer3.4.conv2       | (3, 3, 64, 64)  | 71.3%      | 135
  layer3.5.conv1       | (3, 3, 64, 64)  | 58.5%      | 119
  layer3.5.conv2       | (3, 3, 64, 64)  | 73.7%      | 125
  layer3.6.conv1       | (3, 3, 64, 64)  | 59.0%      | 146
  layer3.6.conv2       | (3, 3, 64, 64)  | 74.3%      | 131
  layer3.7.conv1       | (3, 3, 64, 64)  | 53.8%      | 81
  layer3.7.conv2       | (3, 3, 64, 64)  | 72.8%      | 146
  layer3.8.conv1       | (3, 3, 64, 64)  | 55.6%      | 169
  layer3.8.conv2       | (3, 3, 64, 64)  | 73.6%      | 120
  layer3.9.conv1       | (3, 3, 64, 64)  | 54.4%      | 144
  layer3.9.conv2       | (3, 3, 64, 64)  | 73.9%      | 144
  layer3.10.conv1      | (3, 3, 64, 64)  | 53.2%      | 165
  layer3.10.conv2      | (3, 3, 64, 64)  | 75.7%      | 122
  layer3.11.conv1      | (3, 3, 64, 64)  | 54.0%      | 158
  layer3.11.conv2      | (3, 3, 64, 64)  | 76.0%      | 129
  layer3.12.conv1      | (3, 3, 64, 64)  | 51.7%      | 152
  layer3.12.conv2      | (3, 3, 64, 64)  | 73.8%      | 139
  layer3.13.conv1      | (3, 3, 64, 64)  | 52.6%      | 167
  layer3.13.conv2      | (3, 3, 64, 64)  | 75.1%      | 125
  layer3.14.conv1      | (3, 3, 64, 64)  | 50.1%      | 152
  layer3.14.conv2      | (3, 3, 64, 64)  | 74.7%      | 153
  layer3.15.conv1      | (3, 3, 64, 64)  | 53.2%      | 170
  layer3.15.conv2      | (3, 3, 64, 64)  | 77.8%      | 140
  layer3.16.conv1      | (3, 3, 64, 64)  | 53.4%      | 126
  layer3.16.conv2      | (3, 3, 64, 64)  | 78.0%      | 118
  layer3.17.conv1      | (3, 3, 64, 64)  | 54.3%      | 113
  layer3.17.conv2      | (3, 3, 64, 64)  | 76.7%      | 133
  fc                   | (64, 100)       | 22.2%      | 157

==================================================
OVERALL VERDICT: SUCCESS [PASS]
==================================================


[STATUS] PASS

============================================================
TEST: Ablation | Standard Pruning (no recovery)
TIME: 2026-06-05 01:46:07.550618
CMD:  C:\Python311\python.exe C:\Users\omarm\Desktop\The-Inference-Compiler-main\The Inference Compiler\main.py --dataset cifar100 --model_type resnet --epochs 5 --model_path C:\Users\omarm\Desktop\The-Inference-Compiler-main\The Inference Compiler\models\resnet110_optimized.h5 --prune --quantize --pruning_mode standard
============================================================
2026-06-05 01:46:07.704639: I tensorflow/core/util/port.cc:153] oneDNN custom operations are on. You may see slightly different numerical results due to floating-point round-off errors from different computation orders. To turn them off, set the environment variable `TF_ENABLE_ONEDNN_OPTS=0`.
2026-06-05 01:46:08.873084: I tensorflow/core/util/port.cc:153] oneDNN custom operations are on. You may see slightly different numerical results due to floating-point round-off errors from different computation orders. To turn them off, set the environment variable `TF_ENABLE_ONEDNN_OPTS=0`.
--- [Setup] Loading CIFAR-100 Data ---
C:\Python311\Lib\site-packages\keras\src\datasets\cifar.py:18: VisibleDeprecationWarning: dtype(): align should be passed as Python or NumPy boolean but got `align=0`. Did you mean to pass a tuple to create a subarray type? (Deprecated NumPy 2.4)
  d = cPickle.load(f, encoding="bytes")
--- [Setup] Loading Teacher Model from: C:\Users\omarm\Desktop\The-Inference-Compiler-main\The Inference Compiler\models\resnet110_optimized.h5 ---
2026-06-05 01:46:15.351754: I tensorflow/core/platform/cpu_feature_guard.cc:210] This TensorFlow binary is optimized to use available CPU instructions in performance-critical operations.
To enable the following instructions: SSE3 SSE4.1 SSE4.2 AVX AVX2 FMA, in other operations, rebuild TensorFlow with the appropriate compiler flags.
WARNING:absl:No training configuration found in the save file, so the model was *not* compiled. Compile it manually.
  > Model loaded successfully.

>>> Skipping Distillation (Using Teacher as Base)

=== Starting Optimization Pipeline ===
    Pruning Mode : standard
--- Phase 1: Pruning ---
--- [Pruning Engine] Mode: Standard (no recovery) ---
  Initial Accuracy: 0.6967

--- PHASE 1: RANKED GREEDY SWEEP (Rank -> Proxy Scan -> Safe Batch) ---
  > Ranking neurons by Importance (Metric Calculation)...
  > Scanning bottom 636 candidates on Proxy Set...
    > Scanned 0/636...
    > Scanned 50/636...
    > Scanned 100/636...
    > Scanned 150/636...
    > Scanned 200/636...
    > Scanned 250/636...
    > Scanned 300/636...
    > Scanned 350/636...
    > Scanned 400/636...
    > Scanned 450/636...
    > Scanned 500/636...
    > Scanned 550/636...
    > Scanned 600/636...

  > Candidates passed proxy check: 0
