=== TEST SUITE STARTED: 2026-06-05 11:36:06.485494 ===

============================================================
TEST: Teacher | Prune + Quant Only (Recovery)
TIME: 2026-06-05 11:36:06.489520
CMD:  C:\Python311\python.exe C:\Users\omarm\Desktop\The-Inference-Compiler-main\The Inference Compiler\main.py --dataset cifar100 --model_type resnet --epochs 5 --model_path C:\Users\omarm\Desktop\The-Inference-Compiler-main\The Inference Compiler\models\wrn_40_2_teacher.h5 --prune --quantize --pruning_mode recovery
============================================================
2026-06-05 11:36:08.127301: I tensorflow/core/util/port.cc:153] oneDNN custom operations are on. You may see slightly different numerical results due to floating-point round-off errors from different computation orders. To turn them off, set the environment variable `TF_ENABLE_ONEDNN_OPTS=0`.
2026-06-05 11:36:13.489077: I tensorflow/core/util/port.cc:153] oneDNN custom operations are on. You may see slightly different numerical results due to floating-point round-off errors from different computation orders. To turn them off, set the environment variable `TF_ENABLE_ONEDNN_OPTS=0`.
--- [Setup] Loading CIFAR-100 Data ---
C:\Python311\Lib\site-packages\keras\src\datasets\cifar.py:18: VisibleDeprecationWarning: dtype(): align should be passed as Python or NumPy boolean but got `align=0`. Did you mean to pass a tuple to create a subarray type? (Deprecated NumPy 2.4)
  d = cPickle.load(f, encoding="bytes")
--- [Setup] Loading Teacher Model from: C:\Users\omarm\Desktop\The-Inference-Compiler-main\The Inference Compiler\models\wrn_40_2_teacher.h5 ---
2026-06-05 11:36:31.479298: I tensorflow/core/platform/cpu_feature_guard.cc:210] This TensorFlow binary is optimized to use available CPU instructions in performance-critical operations.
To enable the following instructions: SSE3 SSE4.1 SSE4.2 AVX AVX2 FMA, in other operations, rebuild TensorFlow with the appropriate compiler flags.
WARNING:absl:No training configuration found in the save file, so the model was *not* compiled. Compile it manually.
  > Model loaded successfully.

>>> Skipping Distillation (Using Teacher as Base)

=== Starting Optimization Pipeline ===
    Pruning Mode : recovery
--- Phase 1: Pruning ---
--- [Pruning Engine] Mode: Sensitivity-Aware Recovery ---
  Initial Accuracy: 0.7296

--- PHASE 1: RANKED GREEDY SWEEP (Rank -> Proxy Scan -> Safe Batch) ---
  > Ranking neurons by Importance (Metric Calculation)...
  > Scanning bottom 454 candidates on Proxy Set...
    > Scanned 0/454...
    > Scanned 50/454...
    > Scanned 100/454...
    > Scanned 150/454...
    > Scanned 200/454...
    > Scanned 250/454...
    > Scanned 300/454...
    > Scanned 350/454...
    > Scanned 400/454...
    > Scanned 450/454...

  > Candidates passed proxy check: 416
  > Attempting Safe Batch Pruning on FULL Dataset...
    > Batch of 416 Failed (Drop 32.34%). Backing off...
    > Batch of 208 Failed (Drop 9.41%). Backing off...
    > Batch of 104 Failed (Drop 4.23%). Backing off...
    > Batch of 52 Failed (Drop 2.37%). Backing off...
    > Success! Pruned 26 neurons. New Acc: 0.7195

--- PHASE 2: DYNAMIC HEURISTIC + SENSITIVITY-AWARE RECOVERY ---
  > Step 1: Fine-tuning (50 batches)...

[1m 1/50[0m [37m━━━━━━━━━━━━━━━━━━━━[0m [1m12:01[0m 15s/step - accuracy: 0.8125 - loss: 0.6008
[1m 2/50[0m [37m━━━━━━━━━━━━━━━━━━━━[0m [1m29s[0m 623ms/step - accuracy: 0.8320 - loss: 0.5508
[1m 3/50[0m [32m━[0m[37m━━━━━━━━━━━━━━━━━━━[0m [1m29s[0m 623ms/step - accuracy: 0.8446 - loss: 0.5232
[1m 4/50[0m [32m━[0m[37m━━━━━━━━━━━━━━━━━━━[0m [1m28s[0m 620ms/step - accuracy: 0.8503 - loss: 0.5053
[1m 5/50[0m [32m━━[0m[37m━━━━━━━━━━━━━━━━━━[0m [1m27s[0m 619ms/step - accuracy: 0.8540 - loss: 0.4909
[1m 6/50[0m [32m━━[0m[37m━━━━━━━━━━━━━━━━━━[0m [1m27s[0m 618ms/step - accuracy: 0.8557 - loss: 0.4831
[1m 7/50[0m [32m━━[0m[37m━━━━━━━━━━━━━━━━━━[0m [1m26s[0m 617ms/step - accuracy: 0.8566 - loss: 0.4796
[1m 8/50[0m [32m━━━[0m[37m━━━━━━━━━━━━━━━━━[0m [1m25s[0m 617ms/step - accuracy: 0.8577 - loss: 0.4773
[1m 9/50[0m [32m━━━[0m[37m━━━━━━━━━━━━━━━━━[0m [1m25s[0m 616ms/step - accuracy: 0.8584 - loss: 0.4771
[1m10/50[0m [32m━━━━[0m[37m━━━━━━━━━━━━━━━━[0m [1m24s[0m 615ms/step - accuracy: 0.8590 - loss: 0.4763
[1m11/50[0m [32m━━━━[0m[37m━━━━━━━━━━━━━━━━[0m [1m23s[0m 614ms/step - accuracy: 0.8602 - loss: 0.4736
[1m12/50[0m [32m━━━━[0m[37m━━━━━━━━━━━━━━━━[0m [1m23s[0m 614ms/step - accuracy: 0.8612 - loss: 0.4714
[1m13/50[0m [32m━━━━━[0m[37m━━━━━━━━━━━━━━━[0m [1m22s[0m 614ms/step - accuracy: 0.8621 - loss: 0.4696
[1m14/50[0m [32m━━━━━[0m[37m━━━━━━━━━━━━━━━[0m [1m22s[0m 613ms/step - accuracy: 0.8631 - loss: 0.4675
[1m15/50[0m [32m━━━━━━[0m[37m━━━━━━━━━━━━━━[0m [1m21s[0m 613ms/step - accuracy: 0.8642 - loss: 0.4649
[1m16/50[0m [32m━━━━━━[0m[37m━━━━━━━━━━━━━━[0m [1m20s[0m 613ms/step - accuracy: 0.8651 - loss: 0.4624
[1m17/50[0m [32m━━━━━━[0m[37m━━━━━━━━━━━━━━[0m [1m20s[0m 612ms/step - accuracy: 0.8661 - loss: 0.4599
[1m18/50[0m [32m━━━━━━━[0m[37m━━━━━━━━━━━━━[0m [1m19s[0m 612ms/step - accuracy: 0.8671 - loss: 0.4574
[1m19/50[0m [32m━━━━━━━[0m[37m━━━━━━━━━━━━━[0m [1m18s[0m 611ms/step - accuracy: 0.8680 - loss: 0.4551
[1m20/50[0m [32m━━━━━━━━[0m[37m━━━━━━━━━━━━[0m [1m18s[0m 611ms/step - accuracy: 0.8689 - loss: 0.4526
[1m21/50[0m [32m━━━━━━━━[0m[37m━━━━━━━━━━━━[0m [1m17s[0m 610ms/step - accuracy: 0.8699 - loss: 0.4501
[1m22/50[0m [32m━━━━━━━━[0m[37m━━━━━━━━━━━━[0m [1m17s[0m 611ms/step - accuracy: 0.8707 - loss: 0.4478
[1m23/50[0m [32m━━━━━━━━━[0m[37m━━━━━━━━━━━[0m [1m16s[0m 611ms/step - accuracy: 0.8715 - loss: 0.4457
[1m24/50[0m [32m━━━━━━━━━[0m[37m━━━━━━━━━━━[0m [1m15s[0m 610ms/step - accuracy: 0.8721 - loss: 0.4438
[1m25/50[0m [32m━━━━━━━━━━[0m[37m━━━━━━━━━━[0m [1m15s[0m 610ms/step - accuracy: 0.8728 - loss: 0.4419
[1m26/50[0m [32m━━━━━━━━━━[0m[37m━━━━━━━━━━[0m [1m14s[0m 610ms/step - accuracy: 0.8734 - loss: 0.4400
[1m27/50[0m [32m━━━━━━━━━━[0m[37m━━━━━━━━━━[0m [1m14s[0m 611ms/step - accuracy: 0.8741 - loss: 0.4381
[1m28/50[0m [32m━━━━━━━━━━━[0m[37m━━━━━━━━━[0m [1m13s[0m 615ms/step - accuracy: 0.8747 - loss: 0.4362
[1m29/50[0m [32m━━━━━━━━━━━[0m[37m━━━━━━━━━[0m [1m12s[0m 618ms/step - accuracy: 0.8752 - loss: 0.4348
[1m30/50[0m [32m━━━━━━━━━━━━[0m[37m━━━━━━━━[0m [1m12s[0m 621ms/step - accuracy: 0.8757 - loss: 0.4335
[1m31/50[0m [32m━━━━━━━━━━━━[0m[37m━━━━━━━━[0m [1m11s[0m 623ms/step - accuracy: 0.8761 - loss: 0.4322
[1m32/50[0m [32m━━━━━━━━━━━━[0m[37m━━━━━━━━[0m [1m11s[0m 624ms/step - accuracy: 0.8765 - loss: 0.4311
[1m33/50[0m [32m━━━━━━━━━━━━━[0m[37m━━━━━━━[0m [1m10s[0m 623ms/step - accuracy: 0.8769 - loss: 0.4300
[1m34/50[0m [32m━━━━━━━━━━━━━[0m[37m━━━━━━━[0m [1m9s[0m 623ms/step - accuracy: 0.8773 - loss: 0.4289 
[1m35/50[0m [32m━━━━━━━━━━━━━━[0m[37m━━━━━━[0m [1m9s[0m 622ms/step - accuracy: 0.8776 - loss: 0.4279
[1m36/50[0m [32m━━━━━━━━━━━━━━[0m[37m━━━━━━[0m [1m8s[0m 622ms/step - accuracy: 0.8780 - loss: 0.4268
[1m37/50[0m [32m━━━━━━━━━━━━━━[0m[37m━━━━━━[0m [1m8s[0m 621ms/step - accuracy: 0.8783 - loss: 0.4257
[1m38/50[0m [32m━━━━━━━━━━━━━━━[0m[37m━━━━━[0m [1m7s[0m 620ms/step - accuracy: 0.8787 - loss: 0.4247
[1m39/50[0m [32m━━━━━━━━━━━━━━━[0m[37m━━━━━[0m [1m6s[0m 620ms/step - accuracy: 0.8790 - loss: 0.4238
[1m40/50[0m [32m━━━━━━━━━━━━━━━━[0m[37m━━━━[0m [1m6s[0m 619ms/step - accuracy: 0.8794 - loss: 0.4229
[1m41/50[0m [32m━━━━━━━━━━━━━━━━[0m[37m━━━━[0m [1m5s[0m 619ms/step - accuracy: 0.8797 - loss: 0.4220
[1m42/50[0m [32m━━━━━━━━━━━━━━━━[0m[37m━━━━[0m [1m4s[0m 619ms/step - accuracy: 0.8801 - loss: 0.4210
[1m43/50[0m [32m━━━━━━━━━━━━━━━━━[0m[37m━━━[0m [1m4s[0m 618ms/step - accuracy: 0.8804 - loss: 0.4201
[1m44/50[0m [32m━━━━━━━━━━━━━━━━━[0m[37m━━━[0m [1m3s[0m 618ms/step - accuracy: 0.8807 - loss: 0.4192
[1m45/50[0m [32m━━━━━━━━━━━━━━━━━━[0m[37m━━[0m [1m3s[0m 618ms/step - accuracy: 0.8811 - loss: 0.4183
[1m46/50[0m [32m━━━━━━━━━━━━━━━━━━[0m[37m━━[0m [1m2s[0m 617ms/step - accuracy: 0.8814 - loss: 0.4175
[1m47/50[0m [32m━━━━━━━━━━━━━━━━━━[0m[37m━━[0m [1m1s[0m 617ms/step - accuracy: 0.8817 - loss: 0.4167
[1m48/50[0m [32m━━━━━━━━━━━━━━━━━━━[0m[37m━[0m [1m1s[0m 617ms/step - accuracy: 0.8819 - loss: 0.4159
[1m49/50[0m [32m━━━━━━━━━━━━━━━━━━━[0m[37m━[0m [1m0s[0m 616ms/step - accuracy: 0.8822 - loss: 0.4151
[1m50/50[0m [32m━━━━━━━━━━━━━━━━━━━━[0m[37m[0m [1m0s[0m 616ms/step - accuracy: 0.8825 - loss: 0.4143
[1m50/50[0m [32m━━━━━━━━━━━━━━━━━━━━[0m[37m[0m [1m45s[0m 616ms/step - accuracy: 0.8828 - loss: 0.4135
    > Safety Check Failed. Analyzing victims for guilty neurons...
    > Recovery: Protected 15 new + 15 existing. Pruned 0 innocent.
  > Resistance Detected (Active Prot: 15). Switching to Weights.

--- PHASE 3: WEIGHT PRUNING ---
  > Starting Adaptive Sweep (Factor 2.0 -> 0.3)...
    - Factor 2.0: Too Aggressive (Drop 52.03%). Reverting.
    - Factor 1.8: Too Aggressive (Drop 36.28%). Reverting.
    - Factor 1.6: Too Aggressive (Drop 23.48%). Reverting.
    - Factor 1.4: Too Aggressive (Drop 13.88%). Reverting.
    - Factor 1.2: Too Aggressive (Drop 8.06%). Reverting.
    - Factor 1.0: Too Aggressive (Drop 5.01%). Reverting.
    - Factor 0.8: Too Aggressive (Drop 2.84%). Reverting.
    - Factor 0.6: Success! Applying buffer factor...
    > Applying Safer Factor 0.4...
  > Sweep Complete. Acc: 0.7218 Base: 0.7296 (Sparsity: 28.7%)
  > Starting Iterative Weight Pruning...
  Step 3: Pruned weight batch. Acc: 0.7279  Base: 0.7296  (Sparsity: 31.5%)
  Step 4: Pruned weight batch. Acc: 0.7305  Base: 0.7305  (Sparsity: 34.3%)
  Step 5: Pruned weight batch. Acc: 0.7321  Base: 0.7321  (Sparsity: 36.9%)
  Step 6: Pruned weight batch. Acc: 0.7330  Base: 0.7330  (Sparsity: 39.4%)
  Step 7: Pruned weight batch. Acc: 0.7324  Base: 0.7330  (Sparsity: 41.9%)
  Step 8: Pruned weight batch. Acc: 0.7322  Base: 0.7330  (Sparsity: 44.2%)
  Step 9: Pruned weight batch. Acc: 0.7312  Base: 0.7330  (Sparsity: 46.4%)
  Step 10: Pruned weight batch. Acc: 0.7306  Base: 0.7330  (Sparsity: 48.6%)
  Step 11: Pruned weight batch. Acc: 0.7277  Base: 0.7330  (Sparsity: 50.6%)
  Step 12: Pruned weight batch. Acc: 0.7301  Base: 0.7330  (Sparsity: 52.6%)
  Step 13: Pruned weight batch. Acc: 0.7286  Base: 0.7330  (Sparsity: 54.5%)
  Step 14: Pruned weight batch. Acc: 0.7288  Base: 0.7330  (Sparsity: 56.3%)
  Step 15: Pruned weight batch. Acc: 0.7262  Base: 0.7330  (Sparsity: 58.1%)
  Step 16: Pruned weight batch. Acc: 0.7260  Base: 0.7330  (Sparsity: 59.7%)
  Step 17: Pruned weight batch. Acc: 0.7238  Base: 0.7330  (Sparsity: 61.3%)
  Step 18: Pruned weight batch. Acc: 0.7213  Base: 0.7330  (Sparsity: 62.9%)
  Step 19: Pruned weight batch. Acc: 0.7193  Base: 0.7330  (Sparsity: 64.4%)
  Step 20: Pruned weight batch. Acc: 0.7177  Base: 0.7330  (Sparsity: 65.8%)
  Step 21: Pruned weight batch. Acc: 0.7165  Base: 0.7330  (Sparsity: 67.2%)
  Step 22: Pruned weight batch. Acc: 0.7148  Base: 0.7330  (Sparsity: 68.5%)
  Step 23: Pruned weight batch. Acc: 0.7138  Base: 0.7330  (Sparsity: 69.7%)
  !!! Limit Hit: Total Drift 2.35% > 2.0%. Reverting last step and stopping.
  > Reverted. Final Acc: 0.7101  Base: 0.7330  (Sparsity: 69.7%)
--- Phase 2: Quantization ---

[Quantization] Running Layer-Wise Sensitivity Check (Proxy Mode)...
  Proxy Baseline Acc: 0.7210

[Quantization] Applying Conditional Quantization...
  > Result: Quantized 41 layers. Skipped 0 sensitive layers.
--- Phase 3: Intermediate Representation (IR) ---
--- [IR] Exploding Model into Atomic Operations ---
--- [IR] Explosion Complete. Total Nodes: 136 ---
--- Phase 4: Graph Optimization ---
--- [Optimizer] Running Graph Passes ---
  > [DCE] Removed 0 dead nodes.
  > [CSE] Merged 0 redundant operations.
  [Debug: Linear Collapse] Scanning 136 nodes...
    - fc: Skip collapse. Outputs count is 0 (expected 1).
  > [Linear Collapse] Merged 0 linear chains.
  > [Algebraic Simplification] Scanned for identity ops.
  [Debug: Fusion] Starting pass. OpTypes detected: {'BatchNormalization', 'InputLayer', 'Dense', 'Conv2D', 'GlobalAveragePooling2D', 'Input', 'Activation', 'Add'}
  > [Operator Fusion] Fused 38 operations.
  > [Branching BN/Act Pass] Folded 18 BN nodes, retagged 18 activation nodes.
  > [DCE] Removed 0 dead nodes.
--- Phase 5: Code Generation (C:\Users\omarm\Desktop\The-Inference-Compiler-main\The Inference Compiler\outputs\model_cifar100_wrn_40_2_teacher_none_recovery_20260605_113633.cpp) ---
--- [Compiler] Generating C++ Code to C:\Users\omarm\Desktop\The-Inference-Compiler-main\The Inference Compiler\outputs\model_cifar100_wrn_40_2_teacher_none_recovery_20260605_113633.cpp ---
  > Code Generation Complete. (12682 lines)

>>> Final Evaluation

==================================================
    FINAL PERFORMANCE EVALUATION REPORT
==================================================

[1] ACCURACY METRICS
  Original Model:   72.96%
  Optimized Model:  70.77%
  Accuracy Drop:    2.19%  [WARNING]

[2] SPARSITY METRICS
  Total Params:      2,260,580
  Active Params:     691,607
  Global Sparsity:  69.41%

[3] COMPUTATIONAL COST (Approx. FLOPs)
  Dense FLOPs:       655,221,760
  Sparse FLOPs:      194,020,306
  Theoretical Speedup: 3.38x

[4] PYTHON INFERENCE LATENCY (Batch 32)
  Original:          204.73 ms
  Optimized:         206.07 ms
  (Note: Real speedup will be higher in generated C++)

[5] LAYER-WISE BREAKDOWN
  Layer Name           | Shape           | Sparsity   | Unique Vals
-----------------------------------------------------------------
  conv1                | (3, 3, 3, 16)   | 19.0%      | 112
  layer1.0.conv1       | (3, 3, 16, 32)  | 56.6%      | 173
  layer1.0.conv2       | (3, 3, 32, 32)  | 65.8%      | 167
  layer1.0.downsample.0 | (1, 1, 16, 32)  | 23.8%      | 119
  layer1.1.conv1       | (3, 3, 32, 32)  | 78.2%      | 109
  layer1.1.conv2       | (3, 3, 32, 32)  | 67.4%      | 147
  layer1.2.conv1       | (3, 3, 32, 32)  | 79.2%      | 140
  layer1.2.conv2       | (3, 3, 32, 32)  | 68.4%      | 145
  layer1.3.conv1       | (3, 3, 32, 32)  | 77.6%      | 136
  layer1.3.conv2       | (3, 3, 32, 32)  | 67.8%      | 150
  layer1.4.conv1       | (3, 3, 32, 32)  | 72.6%      | 152
  layer1.4.conv2       | (3, 3, 32, 32)  | 67.2%      | 109
  layer1.5.conv1       | (3, 3, 32, 32)  | 75.8%      | 160
  layer1.5.conv2       | (3, 3, 32, 32)  | 61.0%      | 152
  layer2.0.conv1       | (3, 3, 32, 64)  | 43.9%      | 178
  layer2.0.conv2       | (3, 3, 64, 64)  | 52.0%      | 109
  layer2.0.downsample.0 | (1, 1, 32, 64)  | 30.5%      | 139
  layer2.1.conv1       | (3, 3, 64, 64)  | 86.9%      | 151
  layer2.1.conv2       | (3, 3, 64, 64)  | 71.8%      | 136
  layer2.2.conv1       | (3, 3, 64, 64)  | 77.1%      | 123
  layer2.2.conv2       | (3, 3, 64, 64)  | 69.4%      | 141
  layer2.3.conv1       | (3, 3, 64, 64)  | 77.9%      | 141
  layer2.3.conv2       | (3, 3, 64, 64)  | 70.9%      | 129
  layer2.4.conv1       | (3, 3, 64, 64)  | 82.3%      | 160
  layer2.4.conv2       | (3, 3, 64, 64)  | 72.9%      | 155
  layer2.5.conv1       | (3, 3, 64, 64)  | 75.0%      | 155
  layer2.5.conv2       | (3, 3, 64, 64)  | 69.5%      | 175
  layer3.0.conv1       | (3, 3, 64, 128) | 49.3%      | 122
  layer3.0.conv2       | (3, 3, 128, 128) | 59.1%      | 155
  layer3.0.downsample.0 | (1, 1, 64, 128) | 39.7%      | 127
  layer3.1.conv1       | (3, 3, 128, 128) | 72.2%      | 169
  layer3.1.conv2       | (3, 3, 128, 128) | 72.0%      | 138
  layer3.2.conv1       | (3, 3, 128, 128) | 67.3%      | 145
  layer3.2.conv2       | (3, 3, 128, 128) | 74.4%      | 161
  layer3.3.conv1       | (3, 3, 128, 128) | 68.3%      | 152
  layer3.3.conv2       | (3, 3, 128, 128) | 75.1%      | 143
  layer3.4.conv1       | (3, 3, 128, 128) | 66.4%      | 165
  layer3.4.conv2       | (3, 3, 128, 128) | 72.8%      | 160
  layer3.5.conv1       | (3, 3, 128, 128) | 73.4%      | 146
  layer3.5.conv2       | (3, 3, 128, 128) | 75.0%      | 163
  fc                   | (128, 100)      | 36.6%      | 150

==================================================
OVERALL VERDICT: NEEDS TUNING [WARNING]
==================================================


[STATUS] PASS

============================================================
TEST: ResNet Student | No Distill + Prune + Quant (Recovery)
TIME: 2026-06-05 12:35:46.202313
CMD:  C:\Python311\python.exe C:\Users\omarm\Desktop\The-Inference-Compiler-main\The Inference Compiler\main.py --dataset cifar100 --model_type resnet --epochs 5 --model_path C:\Users\omarm\Desktop\The-Inference-Compiler-main\The Inference Compiler\models\resnet110_optimized.h5 --prune --quantize --pruning_mode recovery
============================================================
2026-06-05 12:35:46.602615: I tensorflow/core/util/port.cc:153] oneDNN custom operations are on. You may see slightly different numerical results due to floating-point round-off errors from different computation orders. To turn them off, set the environment variable `TF_ENABLE_ONEDNN_OPTS=0`.
2026-06-05 12:35:49.676852: I tensorflow/core/util/port.cc:153] oneDNN custom operations are on. You may see slightly different numerical results due to floating-point round-off errors from different computation orders. To turn them off, set the environment variable `TF_ENABLE_ONEDNN_OPTS=0`.
--- [Setup] Loading CIFAR-100 Data ---
C:\Python311\Lib\site-packages\keras\src\datasets\cifar.py:18: VisibleDeprecationWarning: dtype(): align should be passed as Python or NumPy boolean but got `align=0`. Did you mean to pass a tuple to create a subarray type? (Deprecated NumPy 2.4)
  d = cPickle.load(f, encoding="bytes")
--- [Setup] Loading Teacher Model from: C:\Users\omarm\Desktop\The-Inference-Compiler-main\The Inference Compiler\models\resnet110_optimized.h5 ---
2026-06-05 12:36:03.342597: I tensorflow/core/platform/cpu_feature_guard.cc:210] This TensorFlow binary is optimized to use available CPU instructions in performance-critical operations.
To enable the following instructions: SSE3 SSE4.1 SSE4.2 AVX AVX2 FMA, in other operations, rebuild TensorFlow with the appropriate compiler flags.
WARNING:absl:No training configuration found in the save file, so the model was *not* compiled. Compile it manually.
  > Model loaded successfully.

>>> Skipping Distillation (Using Teacher as Base)

=== Starting Optimization Pipeline ===
    Pruning Mode : recovery
--- Phase 1: Pruning ---
--- [Pruning Engine] Mode: Sensitivity-Aware Recovery ---
  Initial Accuracy: 0.6967

--- PHASE 1: RANKED GREEDY SWEEP (Rank -> Proxy Scan -> Safe Batch) ---
  > Ranking neurons by Importance (Metric Calculation)...
  > Scanning bottom 636 candidates on Proxy Set...
    > Scanned 0/636...
    > Scanned 50/636...
