=== TEST SUITE STARTED: 2026-06-04 21:59:13.003757 ===

============================================================
TEST: Teacher | Prune + Quant Only (Recovery)
TIME: 2026-06-04 21:59:13.008101
CMD:  C:\Python311\python.exe C:\Users\omarm\Desktop\The-Inference-Compiler-main\The Inference Compiler\main.py --dataset cifar100 --model_type resnet --epochs 5 --model_path C:\Users\omarm\Desktop\The-Inference-Compiler-main\The Inference Compiler\models\wrn_40_2_teacher.h5 --prune --quantize --pruning_mode recovery
============================================================
2026-06-04 21:59:15.132792: I tensorflow/core/util/port.cc:153] oneDNN custom operations are on. You may see slightly different numerical results due to floating-point round-off errors from different computation orders. To turn them off, set the environment variable `TF_ENABLE_ONEDNN_OPTS=0`.
2026-06-04 21:59:25.094947: I tensorflow/core/util/port.cc:153] oneDNN custom operations are on. You may see slightly different numerical results due to floating-point round-off errors from different computation orders. To turn them off, set the environment variable `TF_ENABLE_ONEDNN_OPTS=0`.
--- [Setup] Loading CIFAR-100 Data ---
C:\Python311\Lib\site-packages\keras\src\datasets\cifar.py:18: VisibleDeprecationWarning: dtype(): align should be passed as Python or NumPy boolean but got `align=0`. Did you mean to pass a tuple to create a subarray type? (Deprecated NumPy 2.4)
  d = cPickle.load(f, encoding="bytes")
--- [Setup] Loading Teacher Model from: C:\Users\omarm\Desktop\The-Inference-Compiler-main\The Inference Compiler\models\wrn_40_2_teacher.h5 ---
2026-06-04 22:00:08.833599: I tensorflow/core/platform/cpu_feature_guard.cc:210] This TensorFlow binary is optimized to use available CPU instructions in performance-critical operations.
To enable the following instructions: SSE3 SSE4.1 SSE4.2 AVX AVX2 FMA, in other operations, rebuild TensorFlow with the appropriate compiler flags.
WARNING:absl:No training configuration found in the save file, so the model was *not* compiled. Compile it manually.
  > Model loaded successfully.

>>> Skipping Distillation (Using Teacher as Base)

=== Starting Optimization Pipeline ===
    Pruning Mode : recovery
--- Phase 1: Pruning ---
--- [Pruning Engine] Mode: Sensitivity-Aware Recovery ---
  Initial Accuracy: 0.7296

--- PHASE 1: RANKED GREEDY SWEEP (Rank -> Proxy Scan -> Safe Batch) ---
  > Ranking neurons by Importance (Metric Calculation)...
  > Scanning bottom 454 candidates on Proxy Set...
    > Scanned 0/454...
    > Scanned 50/454...
    > Scanned 100/454...
    > Scanned 150/454...
    > Scanned 200/454...
    > Scanned 250/454...
    > Scanned 300/454...
    > Scanned 350/454...
    > Scanned 400/454...
    > Scanned 450/454...

  > Candidates passed proxy check: 416
  > Attempting Safe Batch Pruning on FULL Dataset...
    > Batch of 416 Failed (Drop 32.34%). Backing off...
    > Batch of 208 Failed (Drop 9.41%). Backing off...
    > Batch of 104 Failed (Drop 4.23%). Backing off...
    > Batch of 52 Failed (Drop 2.37%). Backing off...
    > Success! Pruned 26 neurons. New Acc: 0.7195

--- PHASE 2: DYNAMIC HEURISTIC + SENSITIVITY-AWARE RECOVERY ---
  > Step 1: Fine-tuning (50 batches)...

[1m 1/50[0m [37m====================[0m [1m31:24[0m 38s/step - accuracy: 0.8125 - loss: 0.6008
[1m 2/50[0m [37m====================[0m [1m42s[0m 891ms/step - accuracy: 0.8320 - loss: 0.5508
[1m 3/50[0m [32m=[0m[37m===================[0m [1m39s[0m 850ms/step - accuracy: 0.8446 - loss: 0.5232
[1m 4/50[0m [32m=[0m[37m===================[0m [1m38s[0m 836ms/step - accuracy: 0.8503 - loss: 0.5053
[1m 5/50[0m [32m==[0m[37m==================[0m [1m37s[0m 829ms/step - accuracy: 0.8540 - loss: 0.4909
[1m 6/50[0m [32m==[0m[37m==================[0m [1m36s[0m 823ms/step - accuracy: 0.8557 - loss: 0.4831
[1m 7/50[0m [32m==[0m[37m==================[0m [1m35s[0m 818ms/step - accuracy: 0.8566 - loss: 0.4796
[1m 8/50[0m [32m===[0m[37m=================[0m [1m34s[0m 816ms/step - accuracy: 0.8577 - loss: 0.4773
[1m 9/50[0m [32m===[0m[37m=================[0m [1m33s[0m 813ms/step - accuracy: 0.8584 - loss: 0.4771
[1m10/50[0m [32m====[0m[37m================[0m [1m32s[0m 811ms/step - accuracy: 0.8590 - loss: 0.4763
[1m11/50[0m [32m====[0m[37m================[0m [1m31s[0m 809ms/step - accuracy: 0.8602 - loss: 0.4736
[1m12/50[0m [32m====[0m[37m================[0m [1m30s[0m 808ms/step - accuracy: 0.8612 - loss: 0.4714
[1m13/50[0m [32m=====[0m[37m===============[0m [1m29s[0m 807ms/step - accuracy: 0.8621 - loss: 0.4696
[1m14/50[0m [32m=====[0m[37m===============[0m [1m29s[0m 806ms/step - accuracy: 0.8631 - loss: 0.4675
[1m15/50[0m [32m======[0m[37m==============[0m [1m28s[0m 806ms/step - accuracy: 0.8642 - loss: 0.4649
[1m16/50[0m [32m======[0m[37m==============[0m [1m27s[0m 805ms/step - accuracy: 0.8651 - loss: 0.4624
[1m17/50[0m [32m======[0m[37m==============[0m [1m26s[0m 806ms/step - accuracy: 0.8661 - loss: 0.4599
[1m18/50[0m [32m=======[0m[37m=============[0m [1m25s[0m 806ms/step - accuracy: 0.8671 - loss: 0.4574
[1m19/50[0m [32m=======[0m[37m=============[0m [1m24s[0m 805ms/step - accuracy: 0.8680 - loss: 0.4551
[1m20/50[0m [32m========[0m[37m============[0m [1m24s[0m 806ms/step - accuracy: 0.8689 - loss: 0.4526
[1m21/50[0m [32m========[0m[37m============[0m [1m23s[0m 805ms/step - accuracy: 0.8699 - loss: 0.4501
[1m22/50[0m [32m========[0m[37m============[0m [1m22s[0m 804ms/step - accuracy: 0.8707 - loss: 0.4478
[1m23/50[0m [32m=========[0m[37m===========[0m [1m21s[0m 805ms/step - accuracy: 0.8715 - loss: 0.4457
[1m24/50[0m [32m=========[0m[37m===========[0m [1m21s[0m 811ms/step - accuracy: 0.8721 - loss: 0.4438
[1m25/50[0m [32m==========[0m[37m==========[0m [1m20s[0m 812ms/step - accuracy: 0.8728 - loss: 0.4419
[1m26/50[0m [32m==========[0m[37m==========[0m [1m19s[0m 811ms/step - accuracy: 0.8734 - loss: 0.4400
[1m27/50[0m [32m==========[0m[37m==========[0m [1m18s[0m 810ms/step - accuracy: 0.8741 - loss: 0.4381
[1m28/50[0m [32m===========[0m[37m=========[0m [1m17s[0m 813ms/step - accuracy: 0.8747 - loss: 0.4362
[1m29/50[0m [32m===========[0m[37m=========[0m [1m17s[0m 812ms/step - accuracy: 0.8752 - loss: 0.4348
[1m30/50[0m [32m============[0m[37m========[0m [1m16s[0m 813ms/step - accuracy: 0.8757 - loss: 0.4335
[1m31/50[0m [32m============[0m[37m========[0m [1m15s[0m 814ms/step - accuracy: 0.8761 - loss: 0.4322
[1m32/50[0m [32m============[0m[37m========[0m [1m14s[0m 814ms/step - accuracy: 0.8765 - loss: 0.4311
[1m33/50[0m [32m=============[0m[37m=======[0m [1m13s[0m 813ms/step - accuracy: 0.8769 - loss: 0.4300
[1m34/50[0m [32m=============[0m[37m=======[0m [1m13s[0m 813ms/step - accuracy: 0.8773 - loss: 0.4289
[1m35/50[0m [32m==============[0m[37m======[0m [1m12s[0m 813ms/step - accuracy: 0.8776 - loss: 0.4279
[1m36/50[0m [32m==============[0m[37m======[0m [1m11s[0m 812ms/step - accuracy: 0.8780 - loss: 0.4268
[1m37/50[0m [32m==============[0m[37m======[0m [1m10s[0m 812ms/step - accuracy: 0.8783 - loss: 0.4257
[1m38/50[0m [32m===============[0m[37m=====[0m [1m9s[0m 814ms/step - accuracy: 0.8787 - loss: 0.4247 
[1m39/50[0m [32m===============[0m[37m=====[0m [1m8s[0m 816ms/step - accuracy: 0.8790 - loss: 0.4238
[1m40/50[0m [32m================[0m[37m====[0m [1m8s[0m 816ms/step - accuracy: 0.8794 - loss: 0.4229
[1m41/50[0m [32m================[0m[37m====[0m [1m7s[0m 815ms/step - accuracy: 0.8797 - loss: 0.4220
[1m42/50[0m [32m================[0m[37m====[0m [1m6s[0m 816ms/step - accuracy: 0.8801 - loss: 0.4210
[1m43/50[0m [32m=================[0m[37m===[0m [1m5s[0m 815ms/step - accuracy: 0.8804 - loss: 0.4201
[1m44/50[0m [32m=================[0m[37m===[0m [1m4s[0m 817ms/step - accuracy: 0.8807 - loss: 0.4192
[1m45/50[0m [32m==================[0m[37m==[0m [1m4s[0m 820ms/step - accuracy: 0.8811 - loss: 0.4183
[1m46/50[0m [32m==================[0m[37m==[0m [1m3s[0m 820ms/step - accuracy: 0.8814 - loss: 0.4175
[1m47/50[0m [32m==================[0m[37m==[0m [1m2s[0m 820ms/step - accuracy: 0.8817 - loss: 0.4167
[1m48/50[0m [32m===================[0m[37m=[0m [1m1s[0m 820ms/step - accuracy: 0.8819 - loss: 0.4159
[1m49/50[0m [32m===================[0m[37m=[0m [1m0s[0m 820ms/step - accuracy: 0.8822 - loss: 0.4151
[1m50/50[0m [32m====================[0m[37m[0m [1m0s[0m 820ms/step - accuracy: 0.8825 - loss: 0.4143
[1m50/50[0m [32m====================[0m[37m[0m [1m79s[0m 820ms/step - accuracy: 0.8828 - loss: 0.4135
    > Safety Check Failed. Analyzing victims for guilty neurons...
    > Recovery: Protected 15 new + 15 existing. Pruned 0 innocent.
  > Resistance Detected (Active Prot: 15). Switching to Weights.

--- PHASE 3: WEIGHT PRUNING ---
  > Starting Adaptive Sweep (Factor 2.0 -> 0.3)...
    - Factor 2.0: Too Aggressive (Drop 52.03%). Reverting.
    - Factor 1.8: Too Aggressive (Drop 36.28%). Reverting.
    - Factor 1.6: Too Aggressive (Drop 23.48%). Reverting.
    - Factor 1.4: Too Aggressive (Drop 13.88%). Reverting.
    - Factor 1.2: Too Aggressive (Drop 8.06%). Reverting.
    - Factor 1.0: Too Aggressive (Drop 5.01%). Reverting.
    - Factor 0.8: Too Aggressive (Drop 2.84%). Reverting.
    - Factor 0.6: Success! Applying buffer factor...
    > Applying Safer Factor 0.4...
  > Sweep Complete. Acc: 0.7218 Base: 0.7296 (Sparsity: 28.7%)
  > Starting Iterative Weight Pruning...
  Step 3: Pruned weight batch. Acc: 0.7279 (Sparsity: 31.5%)
  Step 4: Pruned weight batch. Acc: 0.7305 (Sparsity: 34.3%)
  Step 5: Pruned weight batch. Acc: 0.7321 (Sparsity: 36.9%)
  Step 6: Pruned weight batch. Acc: 0.7330 (Sparsity: 39.4%)
  Step 7: Pruned weight batch. Acc: 0.7324 (Sparsity: 41.9%)
  Step 8: Pruned weight batch. Acc: 0.7322 (Sparsity: 44.2%)
  Step 9: Pruned weight batch. Acc: 0.7312 (Sparsity: 46.4%)
  Step 10: Pruned weight batch. Acc: 0.7306 (Sparsity: 48.6%)
  Step 11: Pruned weight batch. Acc: 0.7277 (Sparsity: 50.6%)
  Step 12: Pruned weight batch. Acc: 0.7301 (Sparsity: 52.6%)
  Step 13: Pruned weight batch. Acc: 0.7286 (Sparsity: 54.5%)
  Step 14: Pruned weight batch. Acc: 0.7288 (Sparsity: 56.3%)
  Step 15: Pruned weight batch. Acc: 0.7262 (Sparsity: 58.1%)
  Step 16: Pruned weight batch. Acc: 0.7260 (Sparsity: 59.7%)
  Step 17: Pruned weight batch. Acc: 0.7238 (Sparsity: 61.3%)
  Step 18: Pruned weight batch. Acc: 0.7213 (Sparsity: 62.9%)
  Step 19: Pruned weight batch. Acc: 0.7193 (Sparsity: 64.4%)
  Step 20: Pruned weight batch. Acc: 0.7177 (Sparsity: 65.8%)
  Step 21: Pruned weight batch. Acc: 0.7165 (Sparsity: 67.2%)
  Step 22: Pruned weight batch. Acc: 0.7148 (Sparsity: 68.5%)
  Step 23: Pruned weight batch. Acc: 0.7138 (Sparsity: 69.7%)
  !!! Limit Hit: Total Drift 2.35% > 2.0%. Stopping.
--- Phase 2: Quantization ---

[Quantization] Running Layer-Wise Sensitivity Check (Proxy Mode)...
  Proxy Baseline Acc: 0.7210
Traceback (most recent call last):
  File "C:\Users\omarm\Desktop\The-Inference-Compiler-main\The Inference Compiler\main.py", line 218, in <module>
    main()
  File "C:\Users\omarm\Desktop\The-Inference-Compiler-main\The Inference Compiler\main.py", line 186, in main
    opt_graph, final_model = strategy.execute_pipeline(
                             ^^^^^^^^^^^^^^^^^^^^^^^^^^
  File "C:\Users\omarm\Desktop\The-Inference-Compiler-main\The Inference Compiler\src\strategy_manager.py", line 49, in execute_pipeline
    sensitivity = quantizer.analyze_sensitivity(val_x, val_y, mode=quant_mode)
                  ^^^^^^^^^^^^^^^^^^^^^^^^^^^^^^^^^^^^^^^^^^^^^^^^^^^^^^^^^^^^
  File "C:\Users\omarm\Desktop\The-Inference-Compiler-main\The Inference Compiler\src\quantization.py", line 66, in analyze_sensitivity
    w_orig, b_orig = layer.get_weights()
    ^^^^^^^^^^^^^^
ValueError: not enough values to unpack (expected 2, got 1)

[STATUS] FAIL (Code: 1)

============================================================
TEST: ResNet Student | No Distill + Prune + Quant (Recovery)
TIME: 2026-06-04 23:26:15.881103
CMD:  C:\Python311\python.exe C:\Users\omarm\Desktop\The-Inference-Compiler-main\The Inference Compiler\main.py --dataset cifar100 --model_type resnet --epochs 5 --model_path C:\Users\omarm\Desktop\The-Inference-Compiler-main\The Inference Compiler\models\resnet110_optimized.h5 --prune --quantize --pruning_mode recovery
============================================================
2026-06-04 23:26:16.060681: I tensorflow/core/util/port.cc:153] oneDNN custom operations are on. You may see slightly different numerical results due to floating-point round-off errors from different computation orders. To turn them off, set the environment variable `TF_ENABLE_ONEDNN_OPTS=0`.
2026-06-04 23:26:17.592906: I tensorflow/core/util/port.cc:153] oneDNN custom operations are on. You may see slightly different numerical results due to floating-point round-off errors from different computation orders. To turn them off, set the environment variable `TF_ENABLE_ONEDNN_OPTS=0`.
--- [Setup] Loading CIFAR-100 Data ---
C:\Python311\Lib\site-packages\keras\src\datasets\cifar.py:18: VisibleDeprecationWarning: dtype(): align should be passed as Python or NumPy boolean but got `align=0`. Did you mean to pass a tuple to create a subarray type? (Deprecated NumPy 2.4)
  d = cPickle.load(f, encoding="bytes")
--- [Setup] Loading Teacher Model from: C:\Users\omarm\Desktop\The-Inference-Compiler-main\The Inference Compiler\models\resnet110_optimized.h5 ---
2026-06-04 23:26:25.056850: I tensorflow/core/platform/cpu_feature_guard.cc:210] This TensorFlow binary is optimized to use available CPU instructions in performance-critical operations.
To enable the following instructions: SSE3 SSE4.1 SSE4.2 AVX AVX2 FMA, in other operations, rebuild TensorFlow with the appropriate compiler flags.
WARNING:absl:No training configuration found in the save file, so the model was *not* compiled. Compile it manually.
  > Model loaded successfully.

>>> Skipping Distillation (Using Teacher as Base)

=== Starting Optimization Pipeline ===
    Pruning Mode : recovery
--- Phase 1: Pruning ---
--- [Pruning Engine] Mode: Sensitivity-Aware Recovery ---
  Initial Accuracy: 0.6967

--- PHASE 1: RANKED GREEDY SWEEP (Rank -> Proxy Scan -> Safe Batch) ---
  > Ranking neurons by Importance (Metric Calculation)...
  > Scanning bottom 636 candidates on Proxy Set...
    > Scanned 0/636...
